SF:lib\common\commutils.dart
DA:38,4
DA:55,18
DA:60,2
DA:62,4
DA:70,17
DA:71,15
DA:79,3
DA:80,1
DA:89,5
DA:90,4
DA:98,0
DA:100,0
DA:107,0
DA:121,0
DA:122,0
DA:125,0
DA:126,0
DA:127,0
DA:133,0
DA:142,0
DA:145,0
DA:146,0
DA:151,0
DA:161,0
DA:162,0
DA:164,0
DA:166,0
DA:172,0
DA:181,0
DA:189,0
DA:195,0
DA:198,0
DA:205,0
DA:214,44
DA:224,0
DA:225,0
LF:36
LH:11
end_of_record
SF:lib\data\datasources\movie_local_data_source.dart
DA:50,1
DA:58,1
DA:63,2
DA:64,1
DA:73,1
DA:75,1
DA:83,1
DA:89,2
DA:90,1
DA:99,1
DA:100,1
DA:108,1
DA:113,2
DA:114,1
DA:121,1
DA:133,1
DA:137,2
DA:138,1
DA:140,1
DA:141,1
DA:142,1
DA:143,1
LF:22
LH:22
end_of_record
SF:lib\data\models\movie_table.dart
DA:37,15
DA:50,1
DA:53,1
DA:54,1
DA:55,1
DA:56,1
DA:57,1
DA:62,1
DA:65,1
DA:66,1
DA:68,1
DA:70,1
DA:72,1
DA:78,0
DA:80,0
DA:82,0
DA:84,0
DA:86,0
DA:88,0
DA:93,1
DA:95,1
DA:97,1
DA:99,1
DA:101,1
DA:103,1
DA:106,2
DA:109,4
DA:110,2
DA:111,2
DA:112,2
LF:30
LH:24
end_of_record
SF:lib\domain\entities\genre.dart
DA:11,28
DA:28,4
DA:32,4
DA:33,4
DA:34,4
LF:5
LH:5
end_of_record
SF:lib\domain\entities\movie.dart
DA:13,8
DA:57,2
DA:130,8
DA:134,8
DA:135,8
DA:136,8
DA:137,8
DA:138,8
DA:139,8
DA:140,8
DA:141,8
DA:142,8
DA:143,8
DA:144,8
DA:145,8
DA:146,8
DA:147,8
LF:17
LH:17
end_of_record
SF:lib\domain\entities\movie_detail.dart
DA:17,14
DA:117,2
DA:122,2
DA:123,2
DA:124,2
DA:125,2
DA:126,2
DA:127,2
DA:128,2
DA:129,2
DA:130,2
DA:131,2
DA:132,2
DA:133,2
LF:14
LH:14
end_of_record
SF:lib\data\datasources\db\database_helper.dart
DA:21,0
DA:27,0
DA:29,0
DA:36,0
DA:39,0
DA:51,0
DA:55,0
DA:56,0
DA:60,0
DA:63,0
DA:67,0
DA:71,0
DA:76,0
DA:77,0
DA:85,0
DA:89,0
DA:94,0
DA:95,0
DA:96,0
DA:97,0
DA:99,0
DA:103,0
DA:108,0
DA:110,0
DA:111,0
DA:114,0
DA:115,0
DA:121,0
DA:125,0
DA:128,0
DA:131,0
DA:135,0
DA:138,0
DA:148,0
DA:152,0
DA:157,0
LF:36
LH:0
end_of_record
SF:lib\data\datasources\movie_remote_data_source.dart
DA:83,1
DA:91,1
DA:95,3
DA:96,1
DA:97,1
DA:102,2
DA:106,1
DA:107,2
DA:108,1
DA:110,1
DA:117,1
DA:121,3
DA:122,1
DA:123,1
DA:128,2
DA:132,1
DA:133,1
DA:134,1
DA:137,1
DA:144,1
DA:148,2
DA:149,2
DA:150,1
DA:154,2
DA:158,1
DA:159,2
DA:160,1
DA:162,1
DA:169,1
DA:172,2
DA:173,2
DA:174,1
DA:178,2
DA:182,1
DA:183,2
DA:184,1
DA:187,1
DA:194,1
DA:197,4
DA:198,1
DA:202,2
DA:206,3
DA:207,1
DA:210,1
DA:217,1
DA:221,2
DA:222,2
DA:223,1
DA:227,2
DA:231,3
DA:232,1
DA:235,1
LF:52
LH:52
end_of_record
SF:lib\data\models\movie_detail_model.dart
DA:24,2
DA:155,1
DA:159,1
DA:161,1
DA:164,1
DA:167,1
DA:170,1
DA:172,1
DA:173,2
DA:175,1
DA:177,1
DA:180,1
DA:183,1
DA:186,1
DA:189,1
DA:192,1
DA:195,1
DA:197,1
DA:199,1
DA:202,1
DA:205,1
DA:208,1
DA:211,1
DA:214,1
DA:217,1
DA:220,1
DA:223,1
DA:225,1
DA:227,1
DA:231,0
DA:233,0
DA:235,0
DA:237,0
DA:239,0
DA:241,0
DA:242,0
DA:243,0
DA:245,0
DA:247,0
DA:249,0
DA:251,0
DA:253,0
DA:255,0
DA:257,0
DA:259,0
DA:261,0
DA:263,0
DA:265,0
DA:267,0
DA:269,0
DA:271,0
DA:273,0
DA:275,0
DA:277,0
DA:279,0
DA:282,1
DA:284,1
DA:286,1
DA:289,1
DA:292,1
DA:293,2
DA:296,1
DA:297,1
DA:300,1
DA:303,1
DA:306,1
DA:309,1
DA:312,1
DA:315,1
DA:318,1
DA:321,1
DA:324,1
DA:328,1
DA:332,1
DA:333,1
DA:334,1
DA:335,1
DA:336,1
DA:337,1
DA:338,1
DA:339,1
DA:340,1
DA:341,1
DA:342,1
DA:343,1
DA:344,1
DA:345,1
DA:346,1
DA:347,1
DA:348,1
DA:349,1
DA:350,1
DA:351,1
DA:352,1
DA:353,1
LF:95
LH:69
end_of_record
SF:lib\data\models\movie_model.dart
DA:16,5
DA:97,2
DA:101,2
DA:103,2
DA:106,2
DA:108,2
DA:109,2
DA:111,4
DA:114,2
DA:117,2
DA:120,2
DA:123,2
DA:125,2
DA:127,2
DA:130,2
DA:133,2
DA:136,2
DA:139,2
DA:141,2
DA:143,2
DA:147,1
DA:149,1
DA:151,1
DA:153,1
DA:155,1
DA:157,1
DA:158,2
DA:161,1
DA:163,1
DA:165,1
DA:167,1
DA:169,1
DA:171,1
DA:173,1
DA:175,1
DA:177,1
DA:179,1
DA:182,2
DA:183,2
DA:185,2
DA:188,2
DA:191,2
DA:194,2
DA:197,2
DA:200,2
DA:203,2
DA:206,2
DA:209,2
DA:212,2
DA:215,2
DA:218,2
DA:221,2
DA:225,2
DA:229,2
DA:230,2
DA:231,2
DA:232,2
DA:233,2
DA:234,2
DA:235,2
DA:236,2
DA:237,2
DA:238,2
DA:239,2
DA:240,2
DA:241,2
DA:242,2
LF:67
LH:67
end_of_record
SF:lib\domain\usecases\get_movie_detail.dart
DA:29,1
DA:34,1
DA:42,1
DA:43,1
LF:4
LH:4
end_of_record
SF:lib\domain\usecases\get_movie_recommendations.dart
DA:29,1
DA:34,1
DA:42,1
DA:43,1
LF:4
LH:4
end_of_record
SF:lib\domain\usecases\get_now_playing_movies.dart
DA:29,1
DA:34,1
DA:41,1
DA:42,1
LF:4
LH:4
end_of_record
SF:lib\domain\usecases\get_popular_movies.dart
DA:28,1
DA:33,1
DA:40,1
DA:41,1
LF:4
LH:4
end_of_record
SF:lib\domain\usecases\get_top_rated_movies.dart
DA:29,1
DA:34,1
DA:41,1
DA:42,1
LF:4
LH:4
end_of_record
SF:lib\domain\usecases\get_watchlist_movies.dart
DA:29,1
DA:34,1
DA:41,1
DA:42,1
LF:4
LH:4
end_of_record
SF:lib\domain\usecases\get_watchlist_status.dart
DA:15,1
DA:22,1
DA:26,1
DA:27,1
LF:4
LH:4
end_of_record
SF:lib\domain\usecases\remove_watchlist.dart
DA:29,1
DA:34,1
DA:43,1
DA:44,1
LF:4
LH:4
end_of_record
SF:lib\domain\usecases\save_watchlist.dart
DA:29,1
DA:34,1
DA:44,1
DA:45,1
LF:4
LH:4
end_of_record
SF:lib\domain\usecases\search_movies.dart
DA:29,1
DA:34,1
DA:44,1
DA:45,1
LF:4
LH:4
end_of_record
SF:lib\presentation\bloc\movie_detail\movie_detail_state.dart
DA:8,2
DA:13,1
DA:17,1
DA:46,2
DA:54,1
DA:58,1
DA:59,1
DA:73,1
DA:81,1
DA:85,1
DA:86,1
LF:11
LH:11
end_of_record
SF:lib\presentation\bloc\movie_detail\movie_detail_event.dart
DA:6,1
DA:11,0
DA:15,0
DA:28,1
DA:36,0
DA:40,0
LF:6
LH:2
end_of_record
SF:lib\presentation\bloc\movie_detail\movie_detail_bloc.dart
DA:46,1
DA:50,1
DA:51,1
DA:52,1
DA:53,1
DA:57,1
DA:58,1
DA:64,2
DA:65,1
DA:67,1
DA:72,1
DA:73,1
DA:75,1
DA:76,1
DA:78,1
DA:81,1
DA:83,1
DA:84,1
LF:18
LH:18
end_of_record
SF:lib\presentation\bloc\movie_recommendations\movie_recommendation_state.dart
DA:7,2
DA:12,1
DA:16,1
DA:44,2
DA:53,1
DA:57,1
DA:58,1
DA:74,1
DA:82,1
DA:86,1
DA:87,1
LF:11
LH:11
end_of_record
SF:lib\presentation\bloc\movie_recommendations\movie_recommendation_event.dart
DA:7,1
DA:13,0
DA:17,0
DA:31,1
DA:39,0
DA:43,0
LF:6
LH:2
end_of_record
SF:lib\presentation\bloc\movie_recommendations\movie_recommendation_bloc.dart
DA:43,1
DA:47,1
DA:48,1
DA:49,1
DA:50,1
DA:54,1
DA:55,1
DA:61,2
DA:62,1
DA:64,1
DA:69,1
DA:70,1
DA:72,1
DA:73,1
DA:75,1
DA:78,1
DA:80,1
DA:81,1
LF:18
LH:18
end_of_record
SF:lib\presentation\bloc\movie_watchlist\movie_watchlist_state.dart
DA:10,2
DA:16,1
DA:20,1
DA:54,2
DA:62,1
DA:66,1
DA:67,1
DA:85,2
DA:93,1
DA:97,1
DA:98,1
DA:117,1
DA:125,1
DA:129,1
DA:130,1
DA:146,2
DA:154,1
DA:159,1
DA:160,1
LF:19
LH:19
end_of_record
SF:lib\presentation\bloc\movie_watchlist\movie_watchlist_event.dart
DA:8,2
DA:14,0
DA:18,0
DA:43,1
DA:51,0
DA:55,0
DA:56,0
DA:74,0
DA:82,0
DA:86,0
DA:87,0
DA:104,1
DA:111,0
DA:116,0
DA:117,0
DA:134,1
DA:142,0
DA:146,0
DA:147,0
LF:19
LH:4
end_of_record
SF:lib\presentation\bloc\movie_watchlist\movie_watchlist_bloc.dart
DA:97,1
DA:106,1
DA:107,1
DA:108,1
DA:109,1
DA:113,1
DA:114,1
DA:120,2
DA:121,1
DA:125,1
DA:126,1
DA:128,1
DA:129,1
DA:131,1
DA:134,1
DA:136,1
DA:137,1
DA:146,1
DA:147,1
DA:153,2
DA:154,1
DA:156,1
DA:161,1
DA:162,1
DA:168,1
DA:169,1
DA:177,1
DA:182,1
DA:183,1
DA:184,1
DA:190,1
DA:191,1
DA:193,1
DA:194,1
DA:196,1
DA:200,1
DA:202,1
DA:203,1
DA:210,1
DA:211,1
DA:218,1
DA:223,2
DA:224,1
DA:231,1
DA:232,1
DA:234,1
DA:235,1
DA:237,1
DA:240,1
DA:242,1
DA:243,1
LF:51
LH:51
end_of_record
SF:lib\presentation\bloc\now_playing_movies\movie_now_playing_state.dart
DA:8,2
DA:12,1
DA:16,1
DA:45,2
DA:53,1
DA:57,1
DA:58,1
DA:73,1
DA:80,1
DA:84,1
DA:85,1
LF:11
LH:11
end_of_record
SF:lib\presentation\bloc\now_playing_movies\movie_now_playing_event.dart
DA:8,1
DA:12,0
DA:16,0
LF:3
LH:1
end_of_record
SF:lib\presentation\bloc\now_playing_movies\movie_now_playing_bloc.dart
DA:43,1
DA:46,1
DA:47,1
DA:48,1
DA:49,1
DA:53,1
DA:54,1
DA:60,2
DA:61,1
DA:66,1
DA:67,1
DA:69,1
DA:70,1
DA:72,1
DA:75,1
DA:77,1
DA:78,1
LF:17
LH:17
end_of_record
SF:lib\presentation\bloc\popular_movies\movie_popular_state.dart
DA:8,1
DA:13,1
DA:17,1
DA:47,1
DA:55,1
DA:59,1
DA:60,1
DA:79,1
DA:87,1
DA:91,1
DA:92,1
LF:11
LH:11
end_of_record
SF:lib\presentation\bloc\popular_movies\movie_popular_event.dart
DA:7,1
DA:13,0
DA:17,0
LF:3
LH:1
end_of_record
SF:lib\presentation\bloc\popular_movies\movie_popular_bloc.dart
DA:43,1
DA:46,1
DA:47,1
DA:48,1
DA:49,1
DA:53,1
DA:54,1
DA:60,2
DA:61,1
DA:66,1
DA:67,1
DA:69,1
DA:70,1
DA:72,1
DA:75,1
DA:77,1
DA:78,1
LF:17
LH:17
end_of_record
SF:lib\presentation\bloc\search_movies\movie_search_state.dart
DA:7,2
DA:10,1
DA:14,1
DA:37,2
DA:45,1
DA:49,1
DA:50,1
DA:68,1
DA:75,1
DA:79,1
DA:80,1
LF:11
LH:11
end_of_record
SF:lib\presentation\bloc\search_movies\movie_search_event.dart
DA:8,1
DA:12,0
DA:15,0
DA:36,1
DA:44,0
DA:48,0
LF:6
LH:2
end_of_record
SF:lib\presentation\bloc\search_movies\movie_search_bloc.dart
DA:42,1
DA:45,1
DA:46,1
DA:47,1
DA:48,0
DA:51,0
DA:52,0
DA:56,1
DA:57,1
DA:61,1
DA:62,1
DA:68,2
DA:69,1
DA:71,1
DA:76,1
DA:77,1
DA:79,1
DA:80,1
DA:82,1
DA:86,1
DA:88,1
DA:89,1
LF:22
LH:19
end_of_record
SF:lib\presentation\bloc\top_rated_movies\movie_top_rated_state.dart
DA:8,1
DA:12,1
DA:16,1
DA:46,1
DA:54,1
DA:58,1
DA:59,1
DA:77,1
DA:84,1
DA:88,1
DA:89,1
LF:11
LH:11
end_of_record
SF:lib\presentation\bloc\top_rated_movies\movie_top_rated_bloc.dart
DA:44,1
DA:47,1
DA:48,1
DA:49,1
DA:50,1
DA:54,1
DA:55,1
DA:62,2
DA:63,1
DA:68,1
DA:69,1
DA:71,1
DA:72,1
DA:74,1
DA:77,1
DA:79,1
DA:80,1
LF:17
LH:17
end_of_record
SF:lib\presentation\bloc\top_rated_movies\movie_top_rated_event.dart
DA:7,1
DA:11,0
DA:14,0
LF:3
LH:1
end_of_record
SF:lib\data\models\movie_response.dart
DA:22,3
DA:27,2
DA:30,2
DA:32,2
DA:33,2
DA:35,4
DA:37,2
DA:38,4
DA:39,2
DA:43,1
DA:44,1
DA:45,1
DA:46,1
DA:47,2
DA:48,1
DA:52,1
DA:56,1
DA:57,1
LF:18
LH:18
end_of_record
SF:lib\data\models\genre_model.dart
DA:17,4
DA:35,2
DA:39,2
DA:41,2
DA:44,2
DA:48,0
DA:50,0
DA:52,0
DA:54,0
DA:57,2
DA:58,2
DA:60,2
DA:63,2
DA:67,2
DA:70,2
DA:71,4
LF:16
LH:12
end_of_record
SF:lib\data\datasources\tvseries_local_data_source.dart
DA:56,1
DA:62,1
DA:66,2
DA:67,1
DA:75,1
DA:76,1
DA:83,1
DA:87,1
DA:88,1
DA:92,1
DA:93,1
DA:100,1
DA:105,2
DA:106,1
DA:113,1
DA:123,1
DA:127,2
DA:128,1
DA:131,2
DA:133,1
DA:134,1
LF:21
LH:21
end_of_record
SF:lib\data\models\tvseries_table.dart
DA:45,15
DA:56,1
DA:59,1
DA:60,1
DA:61,1
DA:62,1
DA:63,1
DA:66,1
DA:70,1
DA:71,1
DA:72,1
DA:73,1
DA:74,1
DA:77,0
DA:79,0
DA:80,0
DA:81,0
DA:82,0
DA:83,0
DA:86,1
DA:88,1
DA:89,1
DA:90,1
DA:91,1
DA:92,1
DA:95,2
DA:96,10
LF:27
LH:21
end_of_record
SF:lib\domain\entities\tvseries.dart
DA:8,8
DA:33,2
DA:88,8
DA:91,8
DA:92,8
DA:93,8
DA:94,8
DA:95,8
DA:96,8
DA:97,8
DA:98,8
DA:99,8
DA:100,8
DA:101,8
DA:102,8
LF:15
LH:15
end_of_record
SF:lib\domain\entities\tvseries_detail.dart
DA:17,14
DA:91,2
DA:94,2
DA:95,2
DA:96,2
DA:97,2
DA:98,2
DA:99,2
DA:100,2
DA:101,2
DA:102,2
DA:103,2
DA:104,2
LF:13
LH:13
end_of_record
SF:lib\data\datasources\db\database_helper_tvseries.dart
DA:23,0
DA:27,0
DA:29,0
DA:34,0
DA:35,0
DA:45,0
DA:48,0
DA:54,0
DA:59,0
DA:62,0
DA:69,0
DA:73,0
DA:80,0
DA:85,0
DA:90,0
DA:93,0
DA:94,0
DA:95,0
DA:99,0
DA:104,0
DA:107,0
DA:110,0
DA:112,0
DA:117,0
DA:121,0
DA:126,0
DA:129,0
DA:135,0
DA:137,0
DA:144,0
DA:148,0
DA:153,0
LF:32
LH:0
end_of_record
SF:lib\data\datasources\tvseries_remote_data_source.dart
DA:81,1
DA:87,1
DA:90,2
DA:91,2
DA:92,1
DA:97,2
DA:100,1
DA:101,1
DA:102,1
DA:103,1
DA:106,1
DA:113,1
DA:117,2
DA:118,2
DA:119,1
DA:124,2
DA:127,1
DA:128,1
DA:129,1
DA:132,1
DA:139,1
DA:142,2
DA:143,1
DA:144,1
DA:145,1
DA:150,2
DA:153,1
DA:154,1
DA:155,1
DA:156,1
DA:159,1
DA:165,1
DA:168,2
DA:169,2
DA:170,1
DA:174,2
DA:177,1
DA:178,1
DA:179,2
DA:182,1
DA:188,1
DA:191,2
DA:192,2
DA:193,1
DA:198,2
DA:201,1
DA:202,1
DA:203,1
DA:204,1
DA:206,1
DA:212,1
DA:215,2
DA:216,1
DA:217,1
DA:218,1
DA:221,1
DA:222,1
DA:224,1
DA:225,1
DA:226,1
DA:227,1
DA:229,1
LF:62
LH:62
end_of_record
SF:lib\data\models\tvseries_detail_model.dart
DA:22,2
DA:151,1
DA:154,1
DA:155,1
DA:156,1
DA:157,5
DA:158,1
DA:159,1
DA:160,1
DA:161,1
DA:162,1
DA:163,1
DA:164,1
DA:165,1
DA:166,2
DA:167,1
DA:168,1
DA:169,1
DA:170,1
DA:171,2
DA:172,1
DA:175,0
DA:177,0
DA:178,0
DA:179,0
DA:180,0
DA:181,0
DA:182,0
DA:183,0
DA:184,0
DA:185,0
DA:186,0
DA:187,0
DA:188,0
DA:189,0
DA:190,0
DA:191,0
DA:192,0
DA:193,0
DA:194,0
DA:195,0
DA:198,1
DA:200,1
DA:201,1
DA:202,3
DA:203,2
DA:204,1
DA:205,1
DA:206,1
DA:207,1
DA:208,1
DA:209,1
DA:210,1
DA:211,1
DA:215,1
DA:218,1
DA:219,1
DA:220,1
DA:221,1
DA:222,1
DA:223,1
DA:224,1
DA:225,1
DA:226,1
DA:227,1
DA:228,1
DA:229,1
DA:230,1
DA:231,1
DA:232,1
DA:233,1
DA:234,1
DA:235,1
DA:236,1
LF:74
LH:54
end_of_record
SF:lib\data\models\tvseries_model.dart
DA:17,5
DA:94,2
DA:98,2
DA:99,2
DA:100,8
DA:101,2
DA:102,2
DA:103,2
DA:104,4
DA:105,2
DA:106,2
DA:107,2
DA:108,4
DA:109,2
DA:113,1
DA:115,1
DA:116,1
DA:117,4
DA:118,1
DA:119,1
DA:120,1
DA:121,1
DA:122,1
DA:123,1
DA:124,1
DA:125,1
DA:126,1
DA:130,2
DA:133,2
DA:134,2
DA:135,2
DA:136,2
DA:137,2
DA:138,2
DA:139,2
DA:140,2
DA:141,2
DA:142,2
DA:143,2
DA:144,2
DA:149,2
DA:152,2
DA:153,2
DA:154,2
DA:155,2
DA:156,2
DA:157,2
DA:158,2
DA:159,2
DA:160,2
DA:161,2
DA:162,2
DA:163,2
LF:53
LH:53
end_of_record
SF:lib\domain\usecases\get_now_playing_tvseries.dart
DA:27,1
DA:32,1
DA:39,1
DA:40,1
LF:4
LH:4
end_of_record
SF:lib\domain\usecases\get_popular_tvseries.dart
DA:27,1
DA:32,1
DA:39,1
DA:40,1
LF:4
LH:4
end_of_record
SF:lib\domain\usecases\get_top_rated_tvseries.dart
DA:27,1
DA:32,1
DA:38,1
DA:39,1
LF:4
LH:4
end_of_record
SF:lib\domain\usecases\get_tvseries_detail.dart
DA:28,1
DA:32,1
DA:41,1
DA:42,1
LF:4
LH:4
end_of_record
SF:lib\domain\usecases\get_tvseries_recommendations.dart
DA:28,1
DA:33,1
DA:42,1
DA:43,1
LF:4
LH:4
end_of_record
SF:lib\domain\usecases\get_watchlist_tvseries.dart
DA:29,1
DA:34,1
DA:41,1
DA:42,1
LF:4
LH:4
end_of_record
SF:lib\domain\usecases\get_watchlist_tvseries_status.dart
DA:14,1
DA:19,1
DA:22,1
DA:23,1
LF:4
LH:4
end_of_record
SF:lib\domain\usecases\remove_tvseries_watchlist.dart
DA:28,1
DA:32,1
DA:41,1
DA:42,1
LF:4
LH:4
end_of_record
SF:lib\domain\usecases\save_tvseries_watchlist.dart
DA:27,1
DA:32,1
DA:41,1
DA:42,1
LF:4
LH:4
end_of_record
SF:lib\domain\usecases\search_tvseries.dart
DA:28,1
DA:33,1
DA:40,1
DA:41,1
LF:4
LH:4
end_of_record
SF:lib\presentation\bloc\tvseries\on_the_air_tvseries\on_the_air_tvseries_bloc.dart
DA:44,1
DA:47,1
DA:48,1
DA:51,1
DA:53,1
DA:56,1
DA:57,1
DA:64,1
DA:65,1
DA:66,1
DA:71,1
DA:72,1
DA:74,1
DA:75,1
DA:77,1
DA:80,1
DA:84,1
DA:85,1
LF:18
LH:18
end_of_record
SF:lib\presentation\bloc\tvseries\on_the_air_tvseries\on_the_air_tvseries_event.dart
DA:10,1
DA:14,0
DA:19,0
LF:3
LH:1
end_of_record
SF:lib\presentation\bloc\tvseries\on_the_air_tvseries\on_the_air_tvseries_state.dart
DA:11,2
DA:15,1
DA:20,1
DA:54,2
DA:62,1
DA:66,1
DA:67,1
DA:86,1
DA:94,1
DA:99,1
DA:100,1
LF:11
LH:11
end_of_record
SF:lib\presentation\bloc\tvseries\popular_tvseries\popular_tvseries_state.dart
DA:9,1
DA:15,1
DA:19,1
DA:53,1
DA:61,1
DA:65,1
DA:66,1
DA:85,1
DA:93,1
DA:97,1
DA:98,1
LF:11
LH:11
end_of_record
SF:lib\presentation\bloc\tvseries\popular_tvseries\popular_tvseries_bloc.dart
DA:46,1
DA:49,1
DA:50,1
DA:52,1
DA:53,1
DA:57,1
DA:58,1
DA:64,2
DA:65,1
DA:70,1
DA:71,1
DA:73,1
DA:74,1
DA:76,1
DA:80,1
DA:82,1
DA:83,1
LF:17
LH:17
end_of_record
SF:lib\presentation\bloc\tvseries\popular_tvseries\popular_tvseries_event.dart
DA:9,1
DA:15,0
DA:19,0
LF:3
LH:1
end_of_record
SF:lib\presentation\bloc\tvseries\search_tvseries\tvseries_search_state.dart
DA:11,2
DA:17,1
DA:21,1
DA:55,2
DA:63,1
DA:67,1
DA:68,1
DA:84,1
DA:92,1
DA:96,1
DA:97,1
LF:11
LH:11
end_of_record
SF:lib\presentation\bloc\tvseries\search_tvseries\tvseries_search_bloc.dart
DA:44,1
DA:48,1
DA:49,1
DA:51,1
DA:53,0
DA:55,0
DA:56,0
DA:61,1
DA:62,1
DA:67,1
DA:68,1
DA:74,2
DA:75,1
DA:77,1
DA:82,1
DA:83,1
DA:85,1
DA:86,1
DA:88,1
DA:91,1
DA:93,1
DA:94,1
LF:22
LH:19
end_of_record
SF:lib\presentation\bloc\tvseries\search_tvseries\tvseries_search_event.dart
DA:12,1
DA:18,0
DA:22,0
DA:47,1
DA:55,0
DA:59,0
LF:6
LH:2
end_of_record
SF:lib\presentation\bloc\tvseries\top_rated_tvseries\top_rated_tvseries_state.dart
DA:10,2
DA:16,1
DA:20,1
DA:54,2
DA:63,1
DA:67,1
DA:68,1
DA:87,1
DA:95,1
DA:99,1
DA:100,1
LF:11
LH:11
end_of_record
SF:lib\presentation\bloc\tvseries\top_rated_tvseries\top_rated_tvseries_bloc.dart
DA:45,1
DA:48,1
DA:49,1
DA:52,1
DA:54,1
DA:57,1
DA:58,1
DA:64,2
DA:65,1
DA:70,1
DA:71,1
DA:73,1
DA:74,1
DA:76,1
DA:80,1
DA:82,1
DA:83,1
LF:17
LH:17
end_of_record
SF:lib\presentation\bloc\tvseries\top_rated_tvseries\top_rated_tvseries_event.dart
DA:11,1
DA:16,0
DA:20,0
LF:3
LH:1
end_of_record
SF:lib\presentation\bloc\tvseries\tvseries_detail\tvseries_detail_bloc.dart
DA:47,1
DA:50,1
DA:51,1
DA:54,1
DA:56,1
DA:60,1
DA:61,1
DA:67,2
DA:68,1
DA:70,1
DA:75,1
DA:76,1
DA:79,1
DA:80,1
DA:82,1
DA:85,1
DA:87,1
DA:88,1
LF:18
LH:18
end_of_record
SF:lib\presentation\bloc\tvseries\tvseries_detail\tvseries_detail_state.dart
DA:11,2
DA:15,1
DA:19,1
DA:53,2
DA:61,1
DA:65,1
DA:66,1
DA:84,1
DA:93,1
DA:97,1
DA:98,1
LF:11
LH:11
end_of_record
SF:lib\presentation\bloc\tvseries\tvseries_detail\tvseries_detail_event.dart
DA:10,1
DA:16,0
DA:20,0
DA:35,1
DA:43,0
DA:47,0
LF:6
LH:2
end_of_record
SF:lib\presentation\bloc\tvseries\tvseries_recommendations\tvseries_recommendations_state.dart
DA:11,2
DA:16,1
DA:20,1
DA:53,2
DA:61,1
DA:65,1
DA:66,1
DA:84,1
DA:92,1
DA:96,1
DA:97,1
LF:11
LH:11
end_of_record
SF:lib\presentation\bloc\tvseries\tvseries_recommendations\tvseries_recommendations_bloc.dart
DA:45,1
DA:49,1
DA:50,1
DA:53,1
DA:54,1
DA:58,1
DA:59,1
DA:65,2
DA:66,1
DA:68,1
DA:73,1
DA:74,1
DA:76,1
DA:77,1
DA:79,1
DA:83,1
DA:85,1
DA:86,1
LF:18
LH:18
end_of_record
SF:lib\presentation\bloc\tvseries\tvseries_recommendations\tvseries_recommendations_event.dart
DA:10,1
DA:14,0
DA:18,0
DA:35,1
DA:43,0
DA:47,0
LF:6
LH:2
end_of_record
SF:lib\presentation\bloc\tvseries\tvseries_watchlist\watchlist_tvseries_bloc.dart
DA:102,1
DA:112,1
DA:113,1
DA:115,1
DA:117,1
DA:121,1
DA:122,1
DA:128,2
DA:129,1
DA:134,1
DA:135,1
DA:137,1
DA:138,1
DA:140,1
DA:143,1
DA:145,1
DA:146,1
DA:155,1
DA:157,1
DA:163,1
DA:168,2
DA:169,1
DA:175,1
DA:176,1
DA:182,1
DA:184,1
DA:190,1
DA:195,2
DA:196,1
DA:203,1
DA:204,1
DA:206,1
DA:207,1
DA:209,1
DA:212,1
DA:214,1
DA:215,1
DA:223,1
DA:225,1
DA:231,1
DA:236,2
DA:237,1
DA:244,1
DA:245,1
DA:247,1
DA:248,1
DA:250,1
DA:254,1
DA:257,1
DA:258,1
LF:50
LH:50
end_of_record
SF:lib\presentation\bloc\tvseries\tvseries_watchlist\watchlist_tvseries_state.dart
DA:10,2
DA:16,1
DA:20,1
DA:55,2
DA:63,1
DA:67,1
DA:68,1
DA:84,2
DA:92,1
DA:96,1
DA:97,1
DA:116,1
DA:124,1
DA:128,1
DA:129,1
DA:146,2
DA:154,1
DA:158,1
DA:159,1
LF:19
LH:19
end_of_record
SF:lib\presentation\bloc\tvseries\tvseries_watchlist\watchlist_tvseries_event.dart
DA:10,2
DA:16,0
DA:20,0
DA:46,1
DA:54,0
DA:58,0
DA:59,0
DA:77,1
DA:85,0
DA:89,0
DA:90,0
DA:108,1
DA:116,0
DA:120,0
DA:121,0
LF:15
LH:4
end_of_record
SF:lib\data\models\tvseries_response.dart
DA:20,2
DA:25,2
DA:27,2
DA:29,2
DA:31,2
DA:34,4
DA:36,2
DA:37,4
DA:38,2
DA:41,1
DA:42,1
DA:43,1
DA:45,3
DA:46,1
DA:49,1
DA:52,1
DA:53,1
LF:17
LH:17
end_of_record
SF:lib\data\repositories\movie_repository_impl.dart
DA:75,1
DA:86,1
DA:91,2
DA:92,1
DA:95,1
DA:96,2
DA:98,1
DA:99,1
DA:101,1
DA:107,1
DA:113,0
DA:115,0
DA:116,0
DA:126,1
DA:132,2
DA:133,1
DA:136,1
DA:138,1
DA:140,1
DA:146,1
DA:152,0
DA:154,0
DA:155,0
DA:165,1
DA:171,2
DA:172,1
DA:175,1
DA:177,1
DA:179,0
DA:180,1
DA:182,1
DA:188,1
DA:193,0
DA:195,0
DA:196,0
DA:206,1
DA:211,2
DA:212,1
DA:215,1
DA:217,2
DA:219,1
DA:220,1
DA:222,1
DA:228,1
DA:234,0
DA:236,0
DA:237,0
DA:247,1
DA:252,2
DA:253,1
DA:256,1
DA:258,2
DA:260,1
DA:261,1
DA:263,1
DA:269,1
DA:274,0
DA:276,0
DA:277,0
DA:287,1
DA:293,2
DA:294,1
DA:297,1
DA:299,2
DA:301,1
DA:302,1
DA:304,1
DA:310,1
DA:316,0
DA:318,0
DA:319,0
DA:329,1
DA:335,2
DA:336,1
DA:337,1
DA:340,1
DA:343,1
DA:347,1
DA:348,1
DA:349,1
DA:363,1
DA:369,2
DA:370,1
DA:371,1
DA:374,1
DA:377,1
DA:381,1
DA:382,1
DA:383,1
DA:390,1
DA:395,2
DA:396,1
DA:408,1
DA:412,2
DA:413,1
DA:416,1
DA:418,2
DA:420,1
DA:421,1
LF:99
LH:80
end_of_record
SF:lib\data\repositories\tvseries_repository_impl.dart
DA:75,1
DA:85,1
DA:90,2
DA:91,1
DA:94,1
DA:95,2
DA:96,2
DA:97,1
DA:99,1
DA:100,1
DA:103,1
DA:105,1
DA:106,1
DA:109,0
DA:111,0
DA:112,0
DA:122,1
DA:128,2
DA:129,1
DA:134,1
DA:136,1
DA:138,1
DA:140,1
DA:141,1
DA:144,1
DA:146,1
DA:147,1
DA:150,0
DA:152,0
DA:153,0
DA:161,1
DA:167,2
DA:168,1
DA:172,1
DA:173,1
DA:174,1
DA:175,1
DA:177,1
DA:178,1
DA:181,1
DA:183,1
DA:184,1
DA:187,0
DA:189,0
DA:190,0
DA:198,1
DA:203,2
DA:204,1
DA:207,1
DA:208,2
DA:209,2
DA:211,1
DA:213,1
DA:214,1
DA:217,1
DA:219,1
DA:220,1
DA:223,0
DA:225,0
DA:226,0
DA:234,1
DA:239,2
DA:240,1
DA:243,1
DA:244,2
DA:245,2
DA:247,1
DA:249,1
DA:250,1
DA:253,1
DA:255,1
DA:256,1
DA:259,0
DA:261,0
DA:262,0
DA:270,1
DA:275,2
DA:276,1
DA:280,3
DA:281,2
DA:284,1
DA:286,1
DA:287,1
DA:290,1
DA:292,1
DA:293,1
DA:296,0
DA:298,0
DA:299,0
DA:307,1
DA:313,2
DA:314,1
DA:315,1
DA:320,1
DA:323,1
DA:325,1
DA:326,1
DA:327,1
DA:335,0
DA:341,0
DA:342,0
DA:343,0
DA:347,0
DA:349,0
DA:351,0
DA:352,0
DA:353,0
DA:360,0
DA:365,0
DA:366,0
DA:374,1
DA:378,2
DA:379,1
DA:381,1
DA:382,2
DA:383,2
DA:389,1
DA:395,2
DA:396,1
DA:397,1
DA:401,1
DA:404,1
DA:406,1
DA:407,1
DA:408,1
LF:125
LH:95
end_of_record
